<?xml version="1.0" encoding="UTF-8"?>
<!-- Generated by org.testng.reporters.JUnitReportReporter -->
<testsuite hostname="COK1LWH0QLJM2" failures="0" tests="5" name="com.qa.test.TestNGBasics" time="19.431" errors="0" timestamp="2021-06-02T18:17:07 IST" skipped="0">
  <testcase classname="com.qa.test.TestNGBasics" name="googleCheck" time="3.623"/>
  <system-out/>
  <testcase classname="com.qa.test.TestNGBasics" name="logo" time="3.795"/>
  <system-out/>
  <testcase classname="com.qa.test.TestNGBasics" name="googlegmail" time="4.752"/>
  <system-out/>
  <testcase classname="com.qa.test.TestNGBasics" name="googlepage" time="3.505"/>
  <system-out/>
  <testcase classname="com.qa.test.TestNGBasics" name="googlepage1" time="3.756"/>
  <system-out/>
</testsuite> <!-- com.qa.test.TestNGBasics -->
