<?xml version="1.0" encoding="UTF-8"?>
<!-- Generated by org.testng.reporters.JUnitReportReporter -->
<testsuite hostname="COK1LWH0QLJM2" failures="0" tests="3" name="com.qa.test.DemoTest2" time="0.017" errors="0" timestamp="2021-06-02T17:00:54 IST" skipped="0">
  <testcase classname="com.qa.test.DemoTest2" name="TesMultiplication" time="0.011"/>
  <system-out/>
  <testcase classname="com.qa.test.DemoTest2" name="TestSubstraction" time="0.003"/>
  <system-out/>
  <testcase classname="com.qa.test.DemoTest2" name="TestAddition" time="0.003"/>
  <system-out/>
</testsuite> <!-- com.qa.test.DemoTest2 -->
