<?xml version="1.0" encoding="UTF-8"?>
<!-- Generated by org.testng.reporters.JUnitReportReporter -->
<testsuite hostname="COK1LWH0QLJM2" failures="0" tests="3" name="DemoTest" time="0.027" errors="0" timestamp="2021-05-19T21:49:37 IST" skipped="0">
  <testcase classname="DemoTest" name="TesMultiplication" time="0.020"/>
  <system-out/>
  <testcase classname="DemoTest" name="TestAddition" time="0.003"/>
  <system-out/>
  <testcase classname="DemoTest" name="TestSubstraction" time="0.004"/>
  <system-out/>
</testsuite> <!-- DemoTest -->
