<?xml version="1.0" encoding="UTF-8"?>
<!-- Generated by org.testng.reporters.JUnitReportReporter -->
<testsuite hostname="COK1LWH0QLJM2" failures="0" tests="3" name="com.qa.test.StringOperation" time="0.018" errors="0" timestamp="2021-05-19T18:13:06 IST" skipped="0">
  <testcase classname="com.qa.test.StringOperation" name="TestAllCaps" time="0.014"/>
  <system-out/>
  <testcase classname="com.qa.test.StringOperation" name="TestToLowerCase" time="0.002"/>
  <system-out/>
  <testcase classname="com.qa.test.StringOperation" name="TestSubstring" time="0.002"/>
  <system-out/>
</testsuite> <!-- com.qa.test.StringOperation -->
